Error sending push notification: Error: An error occurred when trying to authenticate to the FCM servers. Make sure the credential used to authenticate this SDK has the proper permissions. See https://firebase.google.com/docs/admin/setup for setup instructions. Raw server response: "<HTML>
<HEAD>
<TITLE>PROJECT_NOT_PERMITTED</TITLE>
</HEAD>
<BODY BGCOLOR="#FFFFFF" TEXT="#000000">
<H1>PROJECT_NOT_PERMITTED</H1>
<H2>Error 401</H2>
</BODY>
</HTML>
". Status code: 401.
Error sending push notification: Error: An error occurred when trying to authenticate to the FCM servers. Make sure the credential used to authenticate this SDK has the proper permissions. See https://firebase.google.com/docs/admin/setup for setup instructions. Raw server response: "<HTML>
<HEAD>
<TITLE>PROJECT_NOT_PERMITTED</TITLE>
</HEAD>
<BODY BGCOLOR="#FFFFFF" TEXT="#000000">
<H1>PROJECT_NOT_PERMITTED</H1>
<H2>Error 401</H2>
</BODY>
</HTML>
". Status code: 401.
Error sending push notification: Error: An error occurred when trying to authenticate to the FCM servers. Make sure the credential used to authenticate this SDK has the proper permissions. See https://firebase.google.com/docs/admin/setup for setup instructions. Raw server response: "<HTML>
<HEAD>
<TITLE>PROJECT_NOT_PERMITTED</TITLE>
</HEAD>
<BODY BGCOLOR="#FFFFFF" TEXT="#000000">
<H1>PROJECT_NOT_PERMITTED</H1>
<H2>Error 401</H2>
</BODY>
</HTML>
". Status code: 401.
Error sending push notification: Error: An error occurred when trying to authenticate to the FCM servers. Make sure the credential used to authenticate this SDK has the proper permissions. See https://firebase.google.com/docs/admin/setup for setup instructions. Raw server response: "<HTML>
<HEAD>
<TITLE>PROJECT_NOT_PERMITTED</TITLE>
</HEAD>
<BODY BGCOLOR="#FFFFFF" TEXT="#000000">
<H1>PROJECT_NOT_PERMITTED</H1>
<H2>Error 401</H2>
</BODY>
</HTML>
". Status code: 401.
Error sending push notification: Error: An error occurred when trying to authenticate to the FCM servers. Make sure the credential used to authenticate this SDK has the proper permissions. See https://firebase.google.com/docs/admin/setup for setup instructions. Raw server response: "<HTML>
<HEAD>
<TITLE>PROJECT_NOT_PERMITTED</TITLE>
</HEAD>
<BODY BGCOLOR="#FFFFFF" TEXT="#000000">
<H1>PROJECT_NOT_PERMITTED</H1>
<H2>Error 401</H2>
</BODY>
</HTML>
". Status code: 401.
Error sending push notification: Error: An error occurred when trying to authenticate to the FCM servers. Make sure the credential used to authenticate this SDK has the proper permissions. See https://firebase.google.com/docs/admin/setup for setup instructions. Raw server response: "<HTML>
<HEAD>
<TITLE>PROJECT_NOT_PERMITTED</TITLE>
</HEAD>
<BODY BGCOLOR="#FFFFFF" TEXT="#000000">
<H1>PROJECT_NOT_PERMITTED</H1>
<H2>Error 401</H2>
</BODY>
</HTML>
". Status code: 401.
